<?xml version="1.0" encoding="UTF-8"?>
<!-- Generated by org.testng.reporters.JUnitReportReporter -->
<testsuite skipped="0" hostname="SATWADDE" name="ecommerce.hybrid.testrunner.HybridTestRunner" tests="3" failures="0" timestamp="08 Aug 2020 06:00:27 GMT" time="75.192" errors="0">
  <testcase name="TC01" time="27.485" classname="ecommerce.hybrid.testrunner.HybridTestRunner"/>
  <testcase name="TC02" time="24.120" classname="ecommerce.hybrid.testrunner.HybridTestRunner"/>
  <testcase name="TC03" time="23.587" classname="ecommerce.hybrid.testrunner.HybridTestRunner"/>
</testsuite> <!-- ecommerce.hybrid.testrunner.HybridTestRunner -->
