<?xml version="1.0" encoding="UTF-8"?>
<!-- Generated by org.testng.reporters.JUnitReportReporter -->
<testsuite skipped="2" hostname="SATWADDE" name="ecommerce.hybrid.testrunner.HybridTestRunner" tests="3" failures="0" timestamp="08 Aug 2020 05:28:15 GMT" time="25.468" errors="0">
  <testcase name="TC01" time="25.468" classname="ecommerce.hybrid.testrunner.HybridTestRunner"/>
  <testcase name="TC03" classname="ecommerce.hybrid.testrunner.HybridTestRunner">
    <skipped/>
  </testcase> <!-- TC03 -->
  <testcase name="TC02" classname="ecommerce.hybrid.testrunner.HybridTestRunner">
    <skipped/>
  </testcase> <!-- TC02 -->
</testsuite> <!-- ecommerce.hybrid.testrunner.HybridTestRunner -->
